<?xml version="1.0" encoding="UTF-8"?>
<testng-results ignored="0" total="1" passed="1" failed="0" skipped="0">
  <reporter-output>
    <line>
      <![CDATA[D:\Everything work related\Eclipse Workspaces\Personal Workspace\Naukri\src\test\resources\Somesh-Automation-Test-Engineer-3years6months-experience.docx]]>
    </line>
  </reporter-output>
  <suite started-at="2021-08-15T09:13:25Z" name="Default suite" finished-at="2021-08-15T09:14:01Z" duration-ms="36349">
    <groups>
    </groups>
    <test started-at="2021-08-15T09:13:25Z" name="Default test" finished-at="2021-08-15T09:14:01Z" duration-ms="36349">
      <class name="com.NaukriCVUpdater">
        <test-method is-config="true" signature="openBrowser()[pri:0, instance:com.NaukriCVUpdater@727eb8cb]" started-at="2021-08-15T09:13:25Z" name="openBrowser" finished-at="2021-08-15T09:13:27Z" duration-ms="2391" status="PASS">
          <reporter-output>
          </reporter-output>
        </test-method> <!-- openBrowser -->
        <test-method signature="updateCV()[pri:0, instance:com.NaukriCVUpdater@727eb8cb]" started-at="2021-08-15T09:13:27Z" name="updateCV" finished-at="2021-08-15T09:13:57Z" duration-ms="29785" status="PASS">
          <reporter-output>
            <line>
              <![CDATA[D:\Everything work related\Eclipse Workspaces\Personal Workspace\Naukri\src\test\resources\Somesh-Automation-Test-Engineer-3years6months-experience.docx]]>
            </line>
          </reporter-output>
        </test-method> <!-- updateCV -->
        <test-method is-config="true" signature="closeBrowser()[pri:0, instance:com.NaukriCVUpdater@727eb8cb]" started-at="2021-08-15T09:13:57Z" name="closeBrowser" finished-at="2021-08-15T09:14:01Z" duration-ms="4141" status="PASS">
          <reporter-output>
          </reporter-output>
        </test-method> <!-- closeBrowser -->
      </class> <!-- com.NaukriCVUpdater -->
    </test> <!-- Default test -->
  </suite> <!-- Default suite -->
</testng-results>
